[2016-03-07 11:49:36] START
[2016-03-07 11:51:54] EDIT Assignment2/views/default/index.html: 0
[2016-03-07 11:52:10] EDIT Assignment2/views/default/index.html: 0
[2016-03-07 11:53:10] EDIT Assignment2/views/default/index.html: 0
[2016-03-07 11:55:12] EDIT Assignment2/views/default/index.html: 0
[2016-03-07 11:55:39] EDIT Assignment2/views/default/index.html: 0
[2016-03-07 11:55:53] EDIT Assignment2/views/default/index.html: 0
[2016-03-07 12:00:02] EDIT Assignment2/views/plugin_layouts/layouts/Industrial.html: -178
[2016-03-07 12:00:51] EDIT Assignment2/views/plugin_layouts/layouts/Industrial.html: -284
[2016-03-07 12:01:05] EDIT Assignment2/views/plugin_layouts/layouts/Industrial.html: -10
[2016-03-07 12:10:47] EDIT Assignment2/models/menu.py: -100
[2016-03-07 12:11:37] EDIT Assignment2/models/menu.py: 2
[2016-03-07 12:13:37] EDIT Assignment2/controllers/default.py: -2
[2016-03-07 12:15:29] CREATE default/viewproducts.html: 0
[2016-03-07 12:15:39] CREATE default/manageproducts.html: 0
[2016-03-07 12:16:26] EDIT Assignment2/models/menu.py: 0
[2016-03-07 12:16:45] EDIT Assignment2/views/default/manageproducts.html: 0
[2016-03-07 12:16:58] EDIT Assignment2/views/default/viewproducts.html: 0
[2016-03-07 12:18:18] EDIT Assignment2/controllers/default.py: -1
[2016-03-07 12:21:03] EDIT Assignment2/controllers/default.py: 0
[2016-03-07 12:23:14] EDIT Assignment2/views/default/viewproducts.html: 3
[2016-03-07 12:24:19] EDIT Assignment2/controllers/default.py: 1
[2016-03-07 12:25:23] EDIT Assignment2/controllers/default.py: 0
[2016-03-07 12:25:44] EDIT Assignment2/controllers/default.py: -1
[2016-03-07 12:27:13] EDIT Assignment2/views/default/viewproducts.html: 0
[2016-03-07 12:27:33] CREATE default/product.html: 0
[2016-03-07 12:27:49] EDIT Assignment2/views/default/product.html: 0
[2016-03-07 12:28:31] EDIT Assignment2/controllers/default.py: 2
[2016-03-07 13:31:33] CREATE default/show.html: 0
[2016-03-07 13:31:55] EDIT Assignment2/views/default/show.html: 5
[2016-03-07 13:34:09] CREATE default/create.html: 0
[2016-03-07 13:34:26] EDIT Assignment2/views/default/create.html: 2
[2016-03-07 13:34:57] CREATE default/management.html: 0
[2016-03-07 13:38:02] EDIT Assignment2/views/default/product.html: 1
[2016-03-07 13:38:56] CREATE reviews.py: 0
[2016-03-07 13:39:43] EDIT Assignment2/models/reviews.py: 4
[2016-03-07 13:43:30] EDIT Assignment2/controllers/default.py: 10
[2016-03-07 13:45:33] CREATE default/showreviews.html: 0
[2016-03-07 13:46:03] CREATE default/showreview.html: 0
[2016-03-07 13:46:13] EDIT Assignment2/views/default/showreview.html: 5
[2016-03-07 13:47:09] EDIT Assignment2/views/default/showreviews.html: 7
[2016-03-07 13:47:57] EDIT Assignment2/controllers/default.py: 8
[2016-03-07 13:49:09] EDIT Assignment2/controllers/default.py: 0
[2016-03-07 13:50:55] DELETE Assignment2/views/default/show.html: -8
[2016-03-07 13:51:08] EDIT Assignment2/views/default/product.html: 0
[2016-03-07 13:52:05] EDIT Assignment2/views/default/showreviews.html: 0
[2016-03-07 13:53:49] EDIT Assignment2/views/default/product.html: 1
[2016-03-07 13:54:19] EDIT Assignment2/views/default/management.html: 0
[2016-03-07 13:54:32] EDIT Assignment2/views/default/showreview.html: 0
[2016-03-07 13:54:45] EDIT Assignment2/views/default/create.html: 0
[2016-03-07 13:55:55] DELETE Assignment2/views/plugin_layouts/layouts/Settings.html: -214
[2016-03-07 13:58:02] DELETE Assignment2/views/default/create.html: -5
[2016-03-07 13:58:15] CREATE default/create.html: 0
[2016-03-07 13:59:41] EDIT Assignment2/views/default/create.html: 0
[2016-03-07 14:03:26] DELETE Assignment2/views/plugin_layouts/layouts/Industrial.html: -70
[2016-03-07 14:08:25] EDIT Assignment2/views/plugin_layouts/layouts/Industrial.html: -476
[2016-03-07 14:08:42] EDIT Assignment2/views/plugin_layouts/layouts/Industrial.html: 1
[2016-03-07 14:10:11] EDIT Assignment2/views/plugin_layouts/layouts/Industrial.html: 3
[2016-03-07 14:11:06] EDIT Assignment2/views/plugin_layouts/layouts/Industrial.html: 0
[2016-03-07 14:11:53] EDIT Assignment2/views/layout.html: -472
[2016-03-07 14:14:54] EDIT Assignment2/controllers/default.py: 0
[2016-03-07 14:17:56] EDIT Assignment2/views/default/showreviews.html: 0
[2016-03-07 14:18:04] EDIT Assignment2/views/default/showreviews.html: 0
[2016-03-07 14:22:03] EDIT Assignment2/views/default/management.html: 1
[2016-03-07 14:24:05] EDIT Assignment2/controllers/default.py: 0
[2016-03-07 14:24:18] EDIT Assignment2/controllers/default.py: 0
[2016-03-07 14:25:54] EDIT Assignment2/controllers/default.py: 0
[2016-03-07 14:28:50] EDIT Assignment2/controllers/default.py: 0
[2016-03-07 14:31:55] EDIT Assignment2/controllers/default.py: 0
[2016-03-07 14:32:47] EDIT Assignment2/controllers/default.py: 0
[2016-03-07 14:33:00] EDIT Assignment2/controllers/default.py: 0
[2016-03-07 14:33:09] EDIT Assignment2/controllers/default.py: 0
[2016-03-07 14:37:51] EDIT Assignment2/views/default/management.html: -3
[2016-03-07 14:40:27] EDIT Assignment2/views/default/management.html: 1
[2016-03-07 14:42:08] EDIT Assignment2/models/menu.py: 1
[2016-03-07 14:42:38] EDIT Assignment2/models/menu.py: -1
[2016-03-07 14:43:29] EDIT Assignment2/models/menu.py: -1
[2016-03-08 10:31:29] EDIT Assignment2/models/menu.py: 2
[2016-03-08 10:33:12] EDIT Assignment2/models/menu.py: 0
[2016-03-08 10:33:45] EDIT Assignment2/models/menu.py: -4
[2016-03-08 10:34:34] EDIT Assignment2/models/menu.py: 4
[2016-03-08 10:35:23] EDIT Assignment2/models/menu.py: 0
[2016-03-08 10:35:30] EDIT Assignment2/models/menu.py: 0
[2016-03-08 10:36:10] EDIT Assignment2/models/menu.py: 0
[2016-03-08 10:36:57] EDIT Assignment2/models/menu.py: 0
[2016-03-08 10:37:40] EDIT Assignment2/models/menu.py: 0
[2016-03-08 10:37:54] EDIT Assignment2/models/menu.py: -1
[2016-03-08 10:40:40] EDIT Assignment2/controllers/default.py: 0
[2016-03-08 10:41:19] EDIT Assignment2/controllers/default.py: 0
[2016-03-08 10:42:43] EDIT Assignment2/models/menu.py: 1
[2016-03-08 10:43:05] EDIT Assignment2/models/menu.py: 0
[2016-03-08 10:43:29] EDIT Assignment2/models/menu.py: -2
[2016-03-08 10:44:02] EDIT Assignment2/models/menu.py: 2
[2016-03-08 10:48:53] EDIT Assignment2/models/menu.py: 1
[2016-03-08 10:49:02] EDIT Assignment2/models/menu.py: 0
[2016-03-08 10:49:32] EDIT Assignment2/models/menu.py: -1
[2016-03-08 10:49:46] EDIT Assignment2/models/menu.py: 0
[2016-03-08 10:51:58] EDIT Assignment2/models/menu.py: 0
[2016-03-08 10:56:03] EDIT Assignment2/models/menu.py: 0
[2016-03-08 10:57:11] EDIT Assignment2/views/default/index.html: -48
[2016-03-08 10:58:06] EDIT Assignment2/views/default/manageproducts.html: 0
[2016-03-08 10:59:52] EDIT Assignment2/views/default/showreview.html: 1
[2016-03-08 11:00:14] EDIT Assignment2/views/default/showreviews.html: 0
[2016-03-08 11:00:34] EDIT Assignment2/views/default/viewproducts.html: 0
[2016-03-08 11:06:29] CREATE products.py: 0
[2016-03-08 11:18:15] EDIT Assignment2/models/products.py: 7
[2016-03-08 11:20:03] EDIT Assignment2/views/default/manageproducts.html: 2
[2016-03-08 11:20:24] CREATE default/addproduct.html: 0
[2016-03-08 11:33:27] EDIT Assignment2/models/products.py: 0
[2016-03-08 11:35:22] EDIT Assignment2/views/default/addproduct.html: 0
[2016-03-08 11:40:54] EDIT Assignment2/controllers/default.py: 4
[2016-03-08 11:41:50] EDIT Assignment2/views/default/addproduct.html: 0
[2016-03-08 11:44:58] EDIT Assignment2/models/products.py: 0
[2016-03-08 11:50:05] EDIT Assignment2/models/products.py: 0
[2016-03-08 11:50:23] EDIT Assignment2/models/products.py: 0
[2016-03-08 11:50:38] EDIT Assignment2/models/products.py: 0
[2016-03-08 11:50:50] EDIT Assignment2/models/products.py: 0
[2016-03-08 11:51:28] EDIT Assignment2/models/products.py: 0
[2016-03-08 11:52:45] EDIT Assignment2/models/products.py: 0
[2016-03-08 12:36:37] EDIT Assignment2/models/products.py: 0
[2016-03-08 12:40:44] EDIT Assignment2/controllers/default.py: 1
[2016-03-08 12:42:04] EDIT Assignment2/views/default/viewproducts.html: 12
[2016-03-08 12:45:14] EDIT Assignment2/views/default/product.html: 6
[2016-03-08 12:46:09] EDIT Assignment2/controllers/default.py: 1
[2016-03-08 12:51:05] EDIT Assignment2/views/default/product.html: 0
[2016-03-08 12:51:46] EDIT Assignment2/views/default/product.html: 0
[2016-03-08 12:52:37] EDIT Assignment2/views/default/product.html: -1
[2016-03-08 12:54:42] EDIT Assignment2/views/default/viewproducts.html: 7
[2016-03-08 12:55:21] EDIT Assignment2/views/default/viewproducts.html: 0
[2016-03-08 12:55:46] EDIT Assignment2/views/default/viewproducts.html: 0
[2016-03-08 13:01:30] EDIT Assignment2/views/default/viewproducts.html: 1
[2016-03-08 13:07:07] EDIT Assignment2/views/default/viewproducts.html: 0
[2016-03-08 13:08:53] EDIT Assignment2/controllers/default.py: 3
[2016-03-08 13:09:57] EDIT Assignment2/views/default/viewproducts.html: 0
[2016-03-08 13:10:34] EDIT Assignment2/views/default/viewproducts.html: 0
[2016-03-08 13:13:23] EDIT Assignment2/controllers/default.py: -3
[2016-03-08 13:25:44] EDIT Assignment2/views/default/viewproducts.html: 0
[2016-03-08 13:28:36] EDIT Assignment2/views/default/viewproducts.html: 0
[2016-03-08 13:29:02] EDIT Assignment2/controllers/default.py: 3
[2016-03-08 13:29:54] EDIT Assignment2/views/default/viewproducts.html: 0
[2016-03-08 13:30:45] EDIT Assignment2/views/default/viewproducts.html: 0
[2016-03-08 13:31:05] EDIT Assignment2/views/default/viewproducts.html: -1
[2016-03-08 13:31:34] EDIT Assignment2/views/default/viewproducts.html: 1
[2016-03-08 13:33:47] EDIT Assignment2/views/default/viewproducts.html: -1
[2016-03-08 13:34:16] EDIT Assignment2/views/default/viewproducts.html: 0
[2016-03-08 13:34:31] EDIT Assignment2/views/default/viewproducts.html: 0
[2016-03-08 13:36:21] EDIT Assignment2/views/default/viewproducts.html: 0
[2016-03-08 13:42:00] EDIT Assignment2/views/default/viewproducts.html: 0
[2016-03-08 13:43:21] EDIT Assignment2/views/default/product.html: 0
[2016-03-08 13:43:27] EDIT Assignment2/views/default/product.html: 0
[2016-03-08 13:43:47] EDIT Assignment2/views/default/product.html: 0
[2016-03-08 13:45:52] EDIT Assignment2/views/default/product.html: 0
[2016-03-08 13:47:35] EDIT Assignment2/views/default/product.html: 0
[2016-03-08 13:49:09] EDIT Assignment2/views/default/viewproducts.html: 0
[2016-03-08 13:49:29] EDIT Assignment2/views/default/viewproducts.html: 0
[2016-03-08 13:49:43] EDIT Assignment2/views/default/viewproducts.html: 0
[2016-03-08 13:50:45] EDIT Assignment2/views/default/viewproducts.html: -3
[2016-03-08 13:56:17] EDIT Assignment2/controllers/default.py: 1
[2016-03-08 13:57:11] EDIT Assignment2/views/default/manageproducts.html: -2
[2016-03-08 13:57:21] EDIT Assignment2/views/default/manageproducts.html: 0
[2016-03-08 14:02:17] EDIT Assignment2/controllers/default.py: -3
[2016-03-08 14:07:05] EDIT Assignment2/views/default/product.html: 3
[2016-03-08 14:07:31] EDIT Assignment2/views/default/product.html: 0
[2016-03-08 14:15:34] EDIT Assignment2/controllers/default.py: -2
[2016-03-08 14:15:38] EDIT Assignment2/views/default/product.html: 9
[2016-03-08 14:16:17] EDIT Assignment2/views/default/product.html: 1
[2016-03-08 14:16:41] EDIT Assignment2/views/default/product.html: 0
[2016-03-08 14:17:04] EDIT Assignment2/views/default/product.html: 0
[2016-03-08 14:18:22] EDIT Assignment2/views/default/product.html: -1
[2016-03-08 14:18:50] EDIT Assignment2/views/default/product.html: -1
[2016-03-08 14:19:23] EDIT Assignment2/views/default/product.html: 0
[2016-03-08 14:20:59] EDIT Assignment2/views/default/product.html: 0
[2016-03-08 14:21:19] EDIT Assignment2/views/default/product.html: 0
[2016-03-08 14:22:06] EDIT Assignment2/views/default/product.html: 0
[2016-03-08 14:24:14] EDIT Assignment2/views/default/product.html: 0
[2016-03-08 14:25:02] EDIT Assignment2/views/default/product.html: 0
[2016-03-08 14:25:18] EDIT Assignment2/views/default/product.html: -1
[2016-03-08 14:25:40] EDIT Assignment2/views/default/product.html: 0
[2016-03-08 14:26:15] EDIT Assignment2/views/default/product.html: 0
[2016-03-08 14:26:36] EDIT Assignment2/views/default/product.html: 0
[2016-03-08 14:27:02] EDIT Assignment2/views/default/product.html: 0
[2016-03-08 14:28:10] EDIT Assignment2/views/default/product.html: -3
[2016-03-08 14:28:27] EDIT Assignment2/views/default/product.html: 0
[2016-03-08 14:28:47] EDIT Assignment2/views/default/product.html: 0
[2016-03-08 14:28:59] EDIT Assignment2/views/default/product.html: 0
[2016-03-08 14:32:57] EDIT Assignment2/controllers/default.py: 0
[2016-03-08 14:33:27] EDIT Assignment2/controllers/default.py: 0
[2016-03-08 14:40:41] EDIT Assignment2/models/reviews.py: 1
[2016-03-08 14:47:26] EDIT Assignment2/controllers/default.py: 1
[2016-03-08 14:48:01] EDIT Assignment2/controllers/default.py: 1
[2016-03-08 14:48:29] EDIT Assignment2/controllers/default.py: 0
[2016-03-08 14:48:44] EDIT Assignment2/controllers/default.py: 0
[2016-03-08 14:51:38] EDIT Assignment2/views/default/product.html: 0
[2016-03-08 14:51:51] EDIT Assignment2/views/default/product.html: 0
[2016-03-08 14:53:05] EDIT Assignment2/views/default/product.html: 0
[2016-03-08 14:55:17] EDIT Assignment2/views/default/product.html: 0
[2016-03-08 14:55:39] EDIT Assignment2/views/default/product.html: 0
[2016-03-08 14:56:10] EDIT Assignment2/views/default/product.html: 1
[2016-03-08 14:56:36] EDIT Assignment2/views/default/product.html: 0
[2016-03-08 14:57:13] EDIT Assignment2/views/default/product.html: 0
[2016-03-08 14:58:14] EDIT Assignment2/views/default/product.html: 0
[2016-03-08 22:11:16] EDIT Assignment2/static/plugin_layouts/layouts/Industrial/default.css: 3
[2016-03-08 22:12:11] EDIT Assignment2/static/plugin_layouts/layouts/Industrial/default.css: -2
[2016-03-08 22:12:32] EDIT Assignment2/static/plugin_layouts/layouts/Industrial/default.css: 0
[2016-03-08 22:12:55] EDIT Assignment2/static/plugin_layouts/layouts/Industrial/default.css: 0
[2016-03-08 22:12:58] EDIT Assignment2/static/plugin_layouts/layouts/Industrial/default.css: 0
[2016-03-08 22:13:06] EDIT Assignment2/static/plugin_layouts/layouts/Industrial/default.css: -3
[2016-03-08 22:13:32] EDIT Assignment2/views/plugin_layouts/layouts/Industrial.html: 0
[2016-03-08 22:13:44] EDIT Assignment2/views/plugin_layouts/layouts/Industrial.html: 0
[2016-03-08 22:14:02] EDIT Assignment2/views/plugin_layouts/layouts/Industrial.html: 1
[2016-03-08 22:14:22] EDIT Assignment2/views/plugin_layouts/layouts/Industrial.html: -1
[2016-03-08 22:14:32] EDIT Assignment2/views/plugin_layouts/layouts/Industrial.html: 1
[2016-03-08 22:17:06] EDIT Assignment2/views/default/viewproducts.html: 0
[2016-03-08 22:17:40] EDIT Assignment2/views/default/viewproducts.html: 6
[2016-03-08 22:17:50] EDIT Assignment2/views/default/viewproducts.html: 0
[2016-03-08 22:18:07] EDIT Assignment2/views/default/viewproducts.html: 0
[2016-03-08 22:18:17] EDIT Assignment2/views/default/viewproducts.html: 0
[2016-03-08 22:18:19] EDIT Assignment2/views/default/viewproducts.html: 0
[2016-03-08 22:18:19] EDIT Assignment2/views/default/viewproducts.html: 0
[2016-03-08 22:18:20] EDIT Assignment2/views/default/viewproducts.html: 0
[2016-03-08 22:18:20] EDIT Assignment2/views/default/viewproducts.html: 0
[2016-03-08 22:20:26] EDIT Assignment2/controllers/default.py: 0
[2016-03-08 22:22:34] EDIT Assignment2/controllers/default.py: 0
[2016-03-08 22:22:59] EDIT Assignment2/controllers/default.py: 0
[2016-03-08 22:24:01] EDIT Assignment2/controllers/default.py: 0
[2016-03-08 22:24:06] EDIT Assignment2/controllers/default.py: 0
[2016-03-08 22:25:50] EDIT Assignment2/controllers/default.py: 0
[2016-03-08 22:26:17] EDIT Assignment2/controllers/default.py: 2
[2016-03-08 22:26:23] EDIT Assignment2/controllers/default.py: 0
[2016-03-08 22:26:31] EDIT Assignment2/controllers/default.py: -2
[2016-03-08 22:26:34] EDIT Assignment2/controllers/default.py: 0
[2016-03-08 22:28:01] EDIT Assignment2/controllers/default.py: 0
[2016-03-08 22:29:01] EDIT Assignment2/controllers/default.py: 1
[2016-03-08 22:29:24] EDIT Assignment2/controllers/default.py: 0
[2016-03-08 22:30:14] EDIT Assignment2/controllers/default.py: 0
[2016-03-08 22:30:16] EDIT Assignment2/controllers/default.py: 0
[2016-03-08 22:31:02] EDIT Assignment2/controllers/default.py: 0
[2016-03-08 22:37:41] EDIT Assignment2/views/default/product.html: 0
[2016-03-08 22:37:58] EDIT Assignment2/views/default/product.html: 0
[2016-03-08 22:39:22] EDIT Assignment2/views/plugin_layouts/layouts/Industrial.html: 5
[2016-03-08 22:39:29] EDIT Assignment2/views/plugin_layouts/layouts/Industrial.html: 0
[2016-03-08 22:40:36] EDIT Assignment2/views/plugin_layouts/layouts/Industrial.html: 0
[2016-03-08 22:42:25] EDIT Assignment2/views/default/product.html: 0
[2016-03-08 22:42:34] EDIT Assignment2/views/default/product.html: 0
[2016-03-08 22:42:45] EDIT Assignment2/views/default/product.html: 0
[2016-03-08 22:42:52] EDIT Assignment2/views/default/product.html: 2
[2016-03-08 22:43:47] EDIT Assignment2/views/default/product.html: 5
[2016-03-08 22:44:04] EDIT Assignment2/views/default/product.html: 0
[2016-03-08 22:44:55] EDIT Assignment2/views/default/product.html: 3
[2016-03-08 22:45:09] EDIT Assignment2/views/default/product.html: 0
[2016-03-08 22:45:26] EDIT Assignment2/views/default/product.html: 0
[2016-03-08 22:45:31] EDIT Assignment2/views/default/product.html: 0
[2016-03-08 22:46:01] EDIT Assignment2/views/default/product.html: 0
[2016-03-08 22:46:08] EDIT Assignment2/views/default/product.html: 0
[2016-03-08 22:47:03] EDIT Assignment2/views/default/product.html: 1
[2016-03-08 22:48:37] EDIT Assignment2/views/default/product.html: 2
[2016-03-08 22:49:05] EDIT Assignment2/views/default/product.html: 0
[2016-03-08 22:49:33] EDIT Assignment2/views/default/product.html: 0
[2016-03-08 22:49:58] EDIT Assignment2/views/default/product.html: 0
[2016-03-08 22:55:42] EDIT Assignment2/controllers/default.py: 1
[2016-03-08 22:55:48] EDIT Assignment2/controllers/default.py: 0
[2016-03-08 22:56:10] EDIT Assignment2/controllers/default.py: 0
[2016-03-08 22:57:39] EDIT Assignment2/controllers/default.py: 0
[2016-03-08 22:57:56] EDIT Assignment2/controllers/default.py: 0
[2016-03-08 22:58:04] EDIT Assignment2/controllers/default.py: 0
[2016-03-08 22:58:13] EDIT Assignment2/controllers/default.py: -1
[2016-03-08 22:59:28] EDIT Assignment2/controllers/default.py: 1
[2016-03-08 22:59:31] EDIT Assignment2/controllers/default.py: 0
[2016-03-08 23:06:15] EDIT Assignment2/models/reviews.py: 1
[2016-03-08 23:06:24] EDIT Assignment2/models/reviews.py: 0
[2016-03-08 23:06:40] EDIT Assignment2/controllers/default.py: 1
[2016-03-08 23:07:08] EDIT Assignment2/controllers/default.py: -1
[2016-03-08 23:07:16] EDIT Assignment2/models/reviews.py: 0
[2016-03-08 23:07:52] EDIT Assignment2/models/reviews.py: 0
[2016-03-08 23:07:55] EDIT Assignment2/models/reviews.py: -1
[2016-03-08 23:08:04] EDIT Assignment2/controllers/default.py: 1
[2016-03-08 23:09:30] EDIT Assignment2/controllers/default.py: 0
[2016-03-08 23:09:43] EDIT Assignment2/controllers/default.py: 0
[2016-03-08 23:11:14] EDIT Assignment2/controllers/default.py: 0
[2016-03-08 23:11:18] EDIT Assignment2/controllers/default.py: 0
[2016-03-08 23:12:10] EDIT Assignment2/controllers/default.py: 0
[2016-03-08 23:12:54] EDIT Assignment2/controllers/default.py: -1
[2016-03-08 23:13:02] EDIT Assignment2/controllers/default.py: 0
[2016-03-08 23:13:24] EDIT Assignment2/controllers/default.py: 0
[2016-03-08 23:18:00] EDIT Assignment2/controllers/default.py: 1
[2016-03-08 23:18:09] EDIT Assignment2/controllers/default.py: 0
[2016-03-08 23:18:44] EDIT Assignment2/controllers/default.py: 0
[2016-03-08 23:19:12] EDIT Assignment2/controllers/default.py: 0
[2016-03-08 23:20:10] EDIT Assignment2/controllers/default.py: 0
[2016-03-08 23:20:37] EDIT Assignment2/views/default/create.html: 0
[2016-03-08 23:20:40] EDIT Assignment2/views/default/create.html: -1
[2016-03-08 23:20:47] EDIT Assignment2/views/default/create.html: 0
[2016-03-08 23:21:01] EDIT Assignment2/views/default/create.html: 1
[2016-03-08 23:21:01] EDIT Assignment2/views/default/create.html: 0
[2016-03-08 23:21:09] EDIT Assignment2/views/default/create.html: 0
[2016-03-08 23:21:57] EDIT Assignment2/controllers/default.py: 1
[2016-03-08 23:22:15] EDIT Assignment2/controllers/default.py: 0
[2016-03-08 23:22:54] EDIT Assignment2/controllers/default.py: 0
[2016-03-08 23:22:56] EDIT Assignment2/controllers/default.py: 0
[2016-03-08 23:23:13] EDIT Assignment2/controllers/default.py: 0
[2016-03-08 23:23:25] EDIT Assignment2/controllers/default.py: 0
[2016-03-08 23:24:35] EDIT Assignment2/controllers/default.py: 0
[2016-03-08 23:24:37] EDIT Assignment2/controllers/default.py: 0
[2016-03-08 23:24:50] EDIT Assignment2/controllers/default.py: 0
[2016-03-08 23:25:05] EDIT Assignment2/controllers/default.py: 1
[2016-03-08 23:25:17] EDIT Assignment2/controllers/default.py: -1
[2016-03-08 23:26:08] EDIT Assignment2/views/default/create.html: 1
[2016-03-08 23:26:30] EDIT Assignment2/controllers/default.py: -1
[2016-03-08 23:26:37] EDIT Assignment2/views/default/create.html: 0
[2016-03-08 23:28:54] EDIT Assignment2/controllers/default.py: 1
[2016-03-08 23:28:59] EDIT Assignment2/controllers/default.py: 0
[2016-03-08 23:29:01] EDIT Assignment2/controllers/default.py: 0
[2016-03-08 23:29:10] EDIT Assignment2/controllers/default.py: 0
[2016-03-08 23:29:14] EDIT Assignment2/controllers/default.py: 0
[2016-03-08 23:29:18] EDIT Assignment2/controllers/default.py: -1
[2016-03-08 23:29:37] EDIT Assignment2/views/default/create.html: -1
[2016-03-08 23:30:35] EDIT Assignment2/controllers/default.py: 0
[2016-03-08 23:30:37] EDIT Assignment2/controllers/default.py: 0
[2016-03-08 23:31:20] EDIT Assignment2/views/default/product.html: 1
[2016-03-08 23:31:27] EDIT Assignment2/views/default/product.html: 0
[2016-03-08 23:31:36] EDIT Assignment2/controllers/default.py: 0
[2016-03-10 12:06:46] EDIT Assignment2/models/reviews.py: 3
[2016-03-10 12:07:53] EDIT Assignment2/controllers/default.py: 10
[2016-03-10 12:08:09] EDIT Assignment2/controllers/default.py: -10
[2016-03-10 12:10:23] EDIT Assignment2/models/reviews.py: -3
[2016-03-10 12:26:40] EDIT Assignment2/controllers/default.py: 9
[2016-03-10 12:27:09] EDIT Assignment2/controllers/default.py: 0
[2016-03-10 12:28:00] EDIT Assignment2/controllers/default.py: 0
[2016-03-10 12:28:11] EDIT Assignment2/controllers/default.py: 0
[2016-03-10 12:28:20] EDIT Assignment2/controllers/default.py: 0
[2016-03-10 12:30:20] EDIT Assignment2/controllers/default.py: -2
[2016-03-10 12:30:22] EDIT Assignment2/controllers/default.py: 2
[2016-03-10 12:30:39] EDIT Assignment2/controllers/default.py: 0
[2016-03-10 12:31:18] EDIT Assignment2/controllers/default.py: -9
[2016-03-10 12:31:21] EDIT Assignment2/controllers/default.py: 0
[2016-03-10 12:31:35] EDIT Assignment2/controllers/default.py: 0
[2016-03-10 12:31:43] EDIT Assignment2/controllers/default.py: 7
[2016-03-10 12:31:49] EDIT Assignment2/controllers/default.py: 0
[2016-03-10 12:31:55] EDIT Assignment2/controllers/default.py: 0
[2016-03-10 12:31:55] EDIT Assignment2/controllers/default.py: 0
[2016-03-10 12:31:56] EDIT Assignment2/controllers/default.py: 0
[2016-03-10 12:31:56] EDIT Assignment2/controllers/default.py: 0
[2016-03-10 12:31:59] EDIT Assignment2/controllers/default.py: 0
[2016-03-10 12:32:04] EDIT Assignment2/controllers/default.py: 0
[2016-03-10 12:32:08] EDIT Assignment2/controllers/default.py: -1
[2016-03-10 12:32:10] EDIT Assignment2/controllers/default.py: 0
[2016-03-10 12:32:16] EDIT Assignment2/controllers/default.py: 1
[2016-03-10 12:32:16] EDIT Assignment2/controllers/default.py: 0
[2016-03-10 12:32:16] EDIT Assignment2/controllers/default.py: 0
[2016-03-10 12:32:17] EDIT Assignment2/controllers/default.py: 0
[2016-03-10 12:32:17] EDIT Assignment2/controllers/default.py: 0
[2016-03-10 12:32:17] EDIT Assignment2/controllers/default.py: 0
[2016-03-10 12:32:36] EDIT Assignment2/controllers/default.py: -7
[2016-03-10 12:32:39] EDIT Assignment2/controllers/default.py: 0
[2016-03-10 12:35:28] EDIT Assignment2/controllers/default.py: 7
[2016-03-10 12:35:50] EDIT Assignment2/controllers/default.py: -2
[2016-03-10 12:36:07] EDIT Assignment2/controllers/default.py: 2
[2016-03-10 12:36:09] EDIT Assignment2/controllers/default.py: 0
[2016-03-10 12:36:13] EDIT Assignment2/controllers/default.py: 0
[2016-03-10 12:36:21] EDIT Assignment2/controllers/default.py: 0
[2016-03-10 12:36:22] EDIT Assignment2/controllers/default.py: 0
[2016-03-10 12:36:22] EDIT Assignment2/controllers/default.py: 0
[2016-03-10 12:36:22] EDIT Assignment2/controllers/default.py: 0
[2016-03-10 12:36:29] EDIT Assignment2/controllers/default.py: 0
[2016-03-10 12:36:34] EDIT Assignment2/controllers/default.py: 0
[2016-03-10 12:36:37] EDIT Assignment2/controllers/default.py: 0
[2016-03-10 12:36:39] EDIT Assignment2/controllers/default.py: 0
[2016-03-10 12:36:41] EDIT Assignment2/controllers/default.py: 0
[2016-03-10 12:36:43] EDIT Assignment2/controllers/default.py: 0
[2016-03-10 12:37:20] EDIT Assignment2/controllers/default.py: 0
[2016-03-10 12:37:38] EDIT Assignment2/controllers/default.py: 0
[2016-03-10 12:41:59] EDIT Assignment2/controllers/default.py: 0
[2016-03-10 12:46:05] EDIT Assignment2/controllers/default.py: 0
[2016-03-10 12:46:24] EDIT Assignment2/controllers/default.py: -7
[2016-03-10 12:59:50] EDIT Assignment2/controllers/default.py: 0
[2016-03-10 14:05:38] EDIT Assignment2/controllers/default.py: 0
[2016-03-10 14:07:09] EDIT Assignment2/controllers/default.py: 0
[2016-03-10 14:07:19] EDIT Assignment2/controllers/default.py: 0
[2016-03-10 14:08:03] EDIT Assignment2/controllers/default.py: 0
[2016-03-10 14:08:40] EDIT Assignment2/controllers/default.py: 0
[2016-03-10 14:08:46] EDIT Assignment2/controllers/default.py: 0
[2016-03-10 14:09:22] EDIT Assignment2/controllers/default.py: 0
[2016-03-10 14:09:40] EDIT Assignment2/controllers/default.py: 0
[2016-03-10 14:09:44] EDIT Assignment2/controllers/default.py: 0
[2016-03-10 14:11:02] EDIT Assignment2/controllers/default.py: 0
[2016-03-10 14:11:08] EDIT Assignment2/controllers/default.py: 0
[2016-03-10 14:26:04] EDIT Assignment2/views/default/product.html: 0
[2016-03-10 14:34:29] EDIT Assignment2/views/default/product.html: 0
[2016-03-10 14:34:34] EDIT Assignment2/views/default/product.html: -1
[2016-03-10 14:35:42] EDIT Assignment2/views/default/product.html: 0
[2016-03-10 14:38:07] EDIT Assignment2/controllers/default.py: 1
[2016-03-10 14:42:45] EDIT Assignment2/controllers/default.py: 1
[2016-03-10 14:43:34] EDIT Assignment2/controllers/default.py: 2
[2016-03-10 14:44:19] EDIT Assignment2/controllers/default.py: -3
[2016-03-10 14:44:25] EDIT Assignment2/controllers/default.py: 0
[2016-03-10 14:44:52] EDIT Assignment2/controllers/default.py: 1
[2016-03-10 14:45:01] EDIT Assignment2/controllers/default.py: 10
[2016-03-10 14:46:31] EDIT Assignment2/controllers/default.py: 1
[2016-03-10 14:47:24] EDIT Assignment2/controllers/default.py: 0
[2016-03-10 14:48:09] EDIT Assignment2/views/default/product.html: 1
[2016-03-10 14:49:10] EDIT Assignment2/views/default/product.html: 2
[2016-03-10 14:49:18] EDIT Assignment2/views/default/product.html: 0
[2016-03-10 14:49:56] EDIT Assignment2/views/default/product.html: 0
[2016-03-10 14:52:16] EDIT Assignment2/views/default/product.html: 3
[2016-03-10 14:52:30] EDIT Assignment2/views/default/product.html: -1
[2016-03-10 14:52:49] EDIT Assignment2/views/default/product.html: 1
[2016-03-10 14:52:51] EDIT Assignment2/views/default/product.html: 0
[2016-03-10 14:53:02] EDIT Assignment2/views/default/product.html: 0
[2016-03-10 14:53:05] EDIT Assignment2/views/default/product.html: -1
[2016-03-10 14:54:40] EDIT Assignment2/views/default/product.html: 0
[2016-03-10 14:54:52] EDIT Assignment2/views/default/product.html: -1
[2016-03-10 14:55:01] EDIT Assignment2/views/default/product.html: -1
[2016-03-10 14:57:30] EDIT Assignment2/views/default/product.html: 3
[2016-03-10 14:57:50] EDIT Assignment2/views/default/product.html: -1
[2016-03-10 15:10:26] EDIT Assignment2/views/default/product.html: 0
[2016-03-10 15:22:58] EDIT Assignment2/views/default/product.html: 2
[2016-03-10 15:25:06] EDIT Assignment2/views/default/product.html: 1
[2016-03-10 15:26:16] EDIT Assignment2/views/default/product.html: -7
[2016-03-10 15:26:33] EDIT Assignment2/views/default/product.html: 1
[2016-03-10 15:28:06] EDIT Assignment2/views/default/product.html: -1
[2016-03-10 15:32:45] EDIT Assignment2/views/default/product.html: -2
[2016-03-10 15:33:01] EDIT Assignment2/views/default/product.html: 1
[2016-03-10 15:33:50] EDIT Assignment2/views/default/product.html: 1
[2016-03-10 15:38:30] EDIT Assignment2/views/default/product.html: 0
[2016-03-10 19:57:11] EDIT Assignment2/views/layout.html: 1
[2016-03-10 20:30:18] EDIT Assignment2/views/plugin_layouts/layouts/Industrial.html: 0
[2016-03-10 20:30:47] EDIT Assignment2/views/plugin_layouts/layouts/Industrial.html: 0
[2016-03-10 20:31:27] EDIT Assignment2/views/plugin_layouts/layouts/Industrial.html: 1
[2016-03-10 20:32:34] EDIT Assignment2/views/plugin_layouts/layouts/Industrial.html: -1
[2016-03-10 20:38:44] EDIT Assignment2/views/default/product.html: 1
[2016-03-10 20:40:46] EDIT Assignment2/models/reviews.py: 1
[2016-03-10 20:41:25] EDIT Assignment2/models/reviews.py: 0
[2016-03-10 20:44:28] EDIT Assignment2/controllers/default.py: 3
[2016-03-10 20:45:10] EDIT Assignment2/controllers/default.py: 0
[2016-03-10 20:45:12] EDIT Assignment2/controllers/default.py: 0
[2016-03-10 20:45:35] EDIT Assignment2/controllers/default.py: 0
[2016-03-10 20:45:39] EDIT Assignment2/controllers/default.py: 0
[2016-03-10 20:45:51] EDIT Assignment2/models/reviews.py: 0
[2016-03-10 20:46:31] EDIT Assignment2/views/default/product.html: 0
[2016-03-10 20:47:43] EDIT Assignment2/controllers/default.py: 0
[2016-03-10 20:48:28] EDIT Assignment2/controllers/default.py: 3
[2016-03-10 20:48:57] EDIT Assignment2/controllers/default.py: 0
[2016-03-10 20:49:19] EDIT Assignment2/controllers/default.py: 0
[2016-03-10 20:49:56] EDIT Assignment2/controllers/default.py: 0
[2016-03-10 20:50:49] EDIT Assignment2/controllers/default.py: 0
[2016-03-10 20:51:19] EDIT Assignment2/views/default/product.html: 0
[2016-03-10 20:56:52] EDIT Assignment2/controllers/default.py: 0
[2016-03-10 20:57:47] EDIT Assignment2/controllers/default.py: 0
[2016-03-10 20:58:55] EDIT Assignment2/views/default/product.html: 0
[2016-03-10 21:23:22] EDIT Assignment2/models/db.py: 1
[2016-03-10 21:27:36] EDIT Assignment2/models/db.py: 0
[2016-03-10 21:31:40] EDIT Assignment2/views/default/user.html: 3
[2016-03-10 21:36:52] EDIT Assignment2/controllers/default.py: 2
[2016-03-10 21:37:51] EDIT Assignment2/controllers/default.py: 0
[2016-03-10 21:42:15] EDIT Assignment2/views/default/user.html: -3
[2016-03-10 21:42:26] EDIT Assignment2/views/default/user.html: 0
[2016-03-10 21:43:07] EDIT Assignment2/views/default/user.html: 0
[2016-03-10 21:44:23] EDIT Assignment2/views/layout.html: -1
[2016-03-10 21:46:34] EDIT Assignment2/views/default/user.html: 0
[2016-03-10 22:14:48] EDIT Assignment2/views/plugin_layouts/layouts/Industrial.html: 0
[2016-03-10 22:15:08] EDIT Assignment2/views/plugin_layouts/layouts/Industrial.html: 0
[2016-03-10 22:22:18] EDIT Assignment2/models/db.py: 0
[2016-03-10 22:31:46] EDIT Assignment2a/views/default/product.html: 14
[2016-03-10 22:34:13] EDIT Assignment2a/controllers/default.py: 0
[2016-03-10 22:35:10] EDIT Assignment2a/controllers/default.py: 0
[2016-03-10 22:35:52] EDIT Assignment2a/controllers/default.py: 0
[2016-03-10 22:38:28] EDIT Assignment2a/controllers/default.py: 1
[2016-03-10 22:38:31] EDIT Assignment2a/controllers/default.py: 0
[2016-03-10 22:39:39] EDIT Assignment2a/controllers/default.py: -1
[2016-03-10 22:43:53] EDIT Assignment2a/controllers/default.py: 0
[2016-03-10 22:44:03] EDIT Assignment2a/controllers/default.py: 0
[2016-03-10 23:14:02] EDIT Assignment2a/models/menu.py: 0
[2016-03-10 23:15:39] EDIT Assignment2a/views/default/viewproducts.html: 3
[2016-03-10 23:16:41] EDIT Assignment2a/controllers/default.py: 6
[2016-03-10 23:17:25] EDIT Assignment2a/views/default/viewproducts.html: 0
[2016-03-10 23:27:32] EDIT Assignment2a/models/menu.py: 0
[2016-03-10 23:29:03] EDIT Assignment2a/models/reviews.py: 1
[2016-03-10 23:29:07] EDIT Assignment2a/models/reviews.py: 0
[2016-03-10 23:29:09] EDIT Assignment2a/models/reviews.py: 0
[2016-03-10 23:29:27] EDIT Assignment2a/models/reviews.py: 0
[2016-03-10 23:29:44] EDIT Assignment2a/models/reviews.py: 0
[2016-03-10 23:29:47] EDIT Assignment2a/models/reviews.py: 0
[2016-03-10 23:30:30] EDIT Assignment2a/controllers/default.py: 3
[2016-03-10 23:31:40] EDIT Assignment2a/views/default/product.html: 1
[2016-03-10 23:31:50] EDIT Assignment2a/views/default/product.html: -3
[2016-03-10 23:37:23] EDIT Assignment2a/controllers/default.py: 0
[2016-03-10 23:37:43] EDIT Assignment2a/views/default/product.html: -1
[2016-03-10 23:46:56] EDIT Assignment2a/models/menu.py: 0
[2016-03-10 23:50:02] EDIT Assignment2a/models/reviews.py: 0
[2016-03-10 23:50:14] EDIT Assignment2a/models/reviews.py: 0
[2016-03-10 23:52:18] EDIT Assignment2a/models/reviews.py: 0
[2016-03-10 23:52:34] EDIT Assignment2a/models/reviews.py: 0
[2016-03-10 23:52:43] EDIT Assignment2a/models/reviews.py: 0
[2016-03-10 23:53:35] EDIT Assignment2a/models/reviews.py: 0
[2016-03-10 23:54:23] EDIT Assignment2a/controllers/default.py: 0
[2016-03-10 23:54:38] EDIT Assignment2a/models/reviews.py: 0
[2016-03-10 23:55:53] EDIT Assignment2a/models/reviews.py: 0
[2016-03-10 23:56:02] EDIT Assignment2a/models/reviews.py: 0
[2016-03-10 23:56:44] EDIT Assignment2a/models/reviews.py: 0
[2016-03-10 23:57:41] EDIT Assignment2a/controllers/default.py: 0
[2016-03-10 23:58:25] EDIT Assignment2a/controllers/default.py: 1
[2016-03-10 23:58:35] EDIT Assignment2a/controllers/default.py: -1
[2016-03-10 23:58:44] EDIT Assignment2a/controllers/default.py: 2
[2016-03-10 23:58:46] EDIT Assignment2a/controllers/default.py: 0
[2016-03-10 23:59:58] EDIT Assignment2a/controllers/default.py: 0
[2016-03-11 00:00:30] EDIT Assignment2a/views/default/product.html: 0
[2016-03-11 00:00:44] EDIT Assignment2a/views/default/product.html: 0
[2016-03-11 00:02:21] EDIT Assignment2a/models/db.py: 0
[2016-03-11 00:03:05] EDIT Assignment2a/models/db.py: 0
[2016-03-11 00:05:02] EDIT Assignment2a/controllers/default.py: 0
[2016-03-11 00:05:24] EDIT Assignment2a/controllers/default.py: 0
[2016-03-11 00:06:21] EDIT Assignment2a/views/default/product.html: 0
[2016-03-11 00:06:56] EDIT Assignment2a/controllers/default.py: 1
[2016-03-11 00:08:15] EDIT Assignment2a/controllers/default.py: 0
[2016-03-11 00:09:47] EDIT Assignment2a/controllers/default.py: 0
[2016-03-11 00:09:59] EDIT Assignment2a/controllers/default.py: 0
[2016-03-11 00:20:05] EDIT Assignment2/views/default/product.html: 0
[2016-03-11 00:20:20] EDIT Assignment2/views/default/product.html: 0
[2016-03-11 00:23:35] EDIT Assignment2/views/default/product.html: 0
[2016-03-11 00:26:18] EDIT Assignment2/views/default/product.html: 0
[2016-03-11 00:26:48] EDIT Assignment2/views/default/product.html: 0
[2016-03-11 00:32:43] EDIT Assignment2/views/default/index.html: 11
[2016-03-11 00:33:05] EDIT Assignment2/views/default/index.html: 1
[2016-03-11 00:33:29] EDIT Assignment2/views/default/index.html: 0
[2016-03-11 00:33:53] EDIT Assignment2/views/default/index.html: 0
[2016-03-11 00:34:24] EDIT Assignment2/views/default/index.html: 0
[2016-03-11 00:36:31] EDIT Assignment2/views/default/index.html: 0
[2016-03-11 00:41:34] EDIT Assignment2/controllers/default.py: 0
[2016-03-11 00:53:54] EDIT Assignment2/controllers/default.py: 0
[2016-03-11 00:54:48] EDIT Assignment2/controllers/default.py: 0
[2016-03-11 00:55:16] EDIT Assignment2/controllers/default.py: 0
[2016-03-11 00:55:44] EDIT Assignment2/controllers/default.py: 0
[2016-03-11 00:56:23] EDIT Assignment2/controllers/default.py: 0
[2016-03-11 01:05:16] EDIT Assignment2/views/default/product.html: 0
[2016-03-11 01:05:32] EDIT Assignment2/views/default/product.html: 0
[2016-03-11 01:06:00] EDIT Assignment2/views/default/product.html: 1
[2016-03-11 16:06:09] EDIT Assignment2/controllers/default.py: 0
[2016-03-11 16:07:22] EDIT Assignment2/models/reviews.py: 1
[2016-03-11 16:08:15] EDIT Assignment2/models/reviews.py: 0
[2016-03-11 16:08:30] EDIT Assignment2/models/reviews.py: 0
[2016-03-11 16:08:32] EDIT Assignment2/models/reviews.py: 0
[2016-03-11 16:08:33] EDIT Assignment2/models/reviews.py: 0
[2016-03-11 16:08:37] EDIT Assignment2/models/reviews.py: 0
[2016-03-11 16:13:23] EDIT Assignment2/controllers/default.py: -2
[2016-03-11 16:15:37] EDIT Assignment2/views/default/product.html: -1
[2016-03-11 16:16:45] EDIT Assignment2/controllers/default.py: 2
[2016-03-11 16:17:10] EDIT Assignment2/controllers/default.py: 0
[2016-03-11 16:31:41] EDIT Assignment2/controllers/default.py: 11
[2016-03-11 16:31:52] EDIT Assignment2/controllers/default.py: -11
[2016-03-11 16:35:34] EDIT Assignment2/controllers/default.py: 2
[2016-03-11 16:36:52] EDIT Assignment2/controllers/default.py: -1
[2016-03-11 16:58:09] EDIT Assignment2/views/default/product.html: 5
[2016-03-11 17:00:15] EDIT Assignment2/models/reviews.py: 0
[2016-03-11 17:01:18] EDIT Assignment2/models/reviews.py: 0
[2016-03-11 17:01:59] EDIT Assignment2/models/reviews.py: 0
[2016-03-11 17:02:41] EDIT Assignment2/views/default/product.html: -2
[2016-03-11 17:03:17] EDIT Assignment2/views/default/product.html: -1
[2016-03-11 17:11:57] EDIT Assignment2/controllers/default.py: 2
[2016-03-11 17:13:42] EDIT Assignment2/controllers/default.py: 0
[2016-03-11 17:14:41] EDIT Assignment2/views/default/product.html: -1
[2016-03-11 17:14:57] EDIT Assignment2/views/default/product.html: 0
[2016-03-11 19:05:00] EDIT Assignment2/views/default/product.html: 0
[2016-03-11 19:17:10] EDIT Assignment2/controllers/default.py: -1
[2016-03-11 19:17:56] EDIT Assignment2/views/default/product.html: 2
[2016-03-11 19:20:38] EDIT Assignment2/views/default/product.html: 0
[2016-03-11 19:25:41] EDIT Assignment2/views/default/product.html: -1
[2016-03-11 19:26:01] EDIT Assignment2/views/default/product.html: 1
[2016-03-11 19:26:55] EDIT Assignment2/views/default/product.html: 0
[2016-03-11 19:26:56] EDIT Assignment2/views/default/product.html: 0
[2016-03-11 19:31:39] EDIT Assignment2/views/default/product.html: 0
[2016-03-11 19:32:26] EDIT Assignment2/views/default/product.html: -3
[2016-03-11 19:33:03] EDIT Assignment2/views/default/product.html: 3
[2016-03-11 19:34:43] EDIT Assignment2/views/default/product.html: 0
[2016-03-11 19:35:33] EDIT Assignment2/views/default/product.html: 0
[2016-03-11 19:36:15] EDIT Assignment2/views/default/product.html: 0
[2016-03-11 19:39:57] EDIT Assignment2/views/default/product.html: 0
[2016-03-11 19:43:06] EDIT Assignment2/views/default/product.html: 1
[2016-03-11 19:44:11] EDIT Assignment2/views/default/product.html: 0
[2016-03-11 19:46:40] EDIT Assignment2/controllers/default.py: -1
[2016-03-11 19:46:52] EDIT Assignment2/views/default/product.html: 0
[2016-03-11 19:47:29] EDIT Assignment2/views/default/product.html: -3
[2016-03-11 19:48:53] EDIT Assignment2/views/default/product.html: 1
[2016-03-11 19:49:08] EDIT Assignment2/views/default/product.html: 0
[2016-03-11 19:49:56] EDIT Assignment2/views/default/product.html: 0
[2016-03-11 19:50:49] EDIT Assignment2/views/default/product.html: 0
[2016-03-11 19:51:33] EDIT Assignment2/views/default/product.html: 0
[2016-03-11 19:53:05] EDIT Assignment2/views/default/product.html: 0
[2016-03-11 19:53:24] EDIT Assignment2/views/default/product.html: 0
[2016-03-11 19:53:24] EDIT Assignment2/views/default/product.html: 0
[2016-03-11 19:55:35] EDIT Assignment2/views/default/product.html: 0
[2016-03-11 19:56:14] EDIT Assignment2/views/default/product.html: 0
[2016-03-11 20:06:49] EDIT Assignment2/views/default/product.html: 2
[2016-03-11 20:07:29] EDIT Assignment2/views/default/product.html: 0
[2016-03-11 20:08:02] EDIT Assignment2/controllers/default.py: 1
[2016-03-11 20:08:58] EDIT Assignment2/controllers/default.py: 0
[2016-03-11 20:10:09] EDIT Assignment2/views/default/product.html: -1
[2016-03-11 20:10:10] EDIT Assignment2/views/default/product.html: 0
[2016-03-11 20:10:18] EDIT Assignment2/views/default/product.html: 0
[2016-03-11 20:10:28] EDIT Assignment2/controllers/default.py: 0
[2016-03-11 20:10:28] EDIT Assignment2/controllers/default.py: 0
[2016-03-11 20:10:29] EDIT Assignment2/controllers/default.py: 0
[2016-03-11 20:10:31] EDIT Assignment2/views/default/product.html: 0
[2016-03-11 20:12:33] EDIT Assignment2/models/reviews.py: 0
[2016-03-11 20:14:19] EDIT Assignment2/controllers/default.py: 0
[2016-03-11 20:14:30] EDIT Assignment2/views/default/product.html: 0
[2016-03-11 20:15:26] EDIT Assignment2/controllers/default.py: 0
[2016-03-11 20:16:47] EDIT Assignment2/controllers/default.py: 0
[2016-03-11 20:19:52] EDIT Assignment2/controllers/default.py: 0
[2016-03-11 20:21:46] EDIT Assignment2/controllers/default.py: 0
[2016-03-11 20:22:29] EDIT Assignment2/views/default/product.html: 1
[2016-03-11 20:22:56] EDIT Assignment2/controllers/default.py: 0
[2016-03-11 20:24:24] EDIT Assignment2/views/default/product.html: -1
[2016-03-11 20:26:28] EDIT Assignment2/views/default/product.html: 1
[2016-03-11 20:29:25] EDIT Assignment2/controllers/default.py: -1
[2016-03-11 20:30:09] EDIT Assignment2/controllers/default.py: 1
[2016-03-11 20:58:38] EDIT Assignment2/controllers/default.py: -1
[2016-03-11 20:58:52] EDIT Assignment2/controllers/default.py: 0
[2016-03-11 20:59:18] EDIT Assignment2/controllers/default.py: 0
[2016-03-11 20:59:18] EDIT Assignment2/controllers/default.py: 0
[2016-03-11 20:59:19] EDIT Assignment2/controllers/default.py: 0
[2016-03-11 20:59:33] EDIT Assignment2/controllers/default.py: -1
[2016-03-11 20:59:37] EDIT Assignment2/controllers/default.py: 1
[2016-03-11 21:00:06] EDIT Assignment2/controllers/default.py: 0
[2016-03-11 21:00:11] EDIT Assignment2/controllers/default.py: 0
[2016-03-11 21:00:31] EDIT Assignment2/views/default/product.html: -3
[2016-03-11 21:01:44] EDIT Assignment2/models/db.py: 0
[2016-03-11 21:02:52] EDIT Assignment2/views/default/product.html: 0
[2016-03-11 21:04:10] EDIT Assignment2/views/default/product.html: 0
[2016-03-11 21:05:38] EDIT Assignment2/controllers/default.py: 1
[2016-03-11 21:07:05] EDIT Assignment2/controllers/default.py: 0
[2016-03-11 21:07:07] EDIT Assignment2/controllers/default.py: 0
[2016-03-11 21:07:44] EDIT Assignment2/controllers/default.py: 0
[2016-03-11 21:07:49] EDIT Assignment2/controllers/default.py: 0
[2016-03-11 21:09:08] EDIT Assignment2/controllers/default.py: 0
[2016-03-11 21:09:23] EDIT Assignment2/views/default/product.html: -1
[2016-03-11 21:09:46] EDIT Assignment2/controllers/default.py: 0
[2016-03-11 21:10:02] EDIT Assignment2/controllers/default.py: 0
[2016-03-11 21:10:58] EDIT Assignment2/views/default/product.html: 0
[2016-03-11 21:14:31] EDIT Assignment2/views/default/product.html: 0
[2016-03-11 21:15:15] EDIT Assignment2/controllers/default.py: 0
[2016-03-11 21:15:45] EDIT Assignment2/controllers/default.py: 0
[2016-03-11 21:20:01] EDIT Assignment2/views/default/product.html: 0
[2016-03-11 21:20:03] EDIT Assignment2/views/default/product.html: 0
[2016-03-11 21:20:32] EDIT Assignment2/views/default/product.html: 0
[2016-03-11 21:33:27] EDIT Assignment2/controllers/default.py: 0
[2016-03-11 21:40:59] EDIT Assignment2/views/default/product.html: 0
[2016-03-11 21:43:44] DELETE Assignment2/views/default/product.html.1: -44
[2016-03-11 21:43:59] EDIT Assignment2/views/default/product.html: 0
[2016-03-11 21:45:19] EDIT Assignment2/views/default/product.html: -10
[2016-03-11 21:45:48] EDIT Assignment2/views/default/product.html: 10
[2016-03-11 21:46:38] EDIT Assignment2/views/default/product.html: 1
[2016-03-11 21:52:19] EDIT Assignment2/controllers/default.py: -1
[2016-03-11 22:12:23] EDIT Assignment2/controllers/default.py: 15
[2016-03-11 22:12:28] EDIT Assignment2/views/default/product.html: 3
[2016-03-11 22:15:48] EDIT Assignment2/views/default/viewproducts.html: 0
[2016-03-11 22:16:54] EDIT Assignment2/views/default/product.html: -10
[2016-03-11 22:17:47] EDIT Assignment2/views/default/product.html: 0
[2016-03-11 22:28:13] EDIT Assignment2/controllers/default.py: -15
[2016-03-11 22:28:15] EDIT Assignment2/views/default/product.html: 7
[2016-03-12 19:28:29] EDIT Assignment3/controllers/default.py: 1
[2016-03-12 19:31:50] EDIT Assignment3/controllers/default.py: 14
[2016-03-12 19:40:42] EDIT Assignment3/views/default/product.html: 7
[2016-03-12 19:41:13] EDIT Assignment3/views/default/product.html: -4
[2016-03-12 19:46:05] EDIT Assignment3/views/default/product.html: 0
[2016-03-12 19:47:13] EDIT Assignment3/views/default/product.html: 0
[2016-03-12 19:48:51] EDIT Assignment3/views/default/product.html: 0
[2016-03-12 19:49:49] EDIT Assignment3/views/default/product.html: 0
[2016-03-12 20:03:35] EDIT Assignment3/controllers/default.py: 7
[2016-03-12 20:05:44] EDIT Assignment3/controllers/default.py: 0
[2016-03-12 20:06:26] EDIT Assignment3/views/default/viewproducts.html: 0
[2016-03-12 20:16:37] EDIT Assignment3/views/default/viewproducts.html: 0
[2016-03-12 20:17:28] EDIT Assignment3/views/default/viewproducts.html: 0
[2016-03-12 20:20:02] EDIT Assignment3/controllers/default.py: 0
[2016-03-12 20:21:26] EDIT Assignment3/controllers/default.py: 0
[2016-03-12 20:24:55] EDIT Assignment3/views/default/viewproducts.html: 0
[2016-03-12 20:36:06] EDIT Assignment3/views/default/viewproducts.html: 0
[2016-03-12 20:39:20] EDIT Assignment3/models/menu.py: 0
<<<<<<< HEAD
[2016-03-13 19:19:13] EDIT Assignment3/views/default/product.html: 2
[2016-03-13 19:19:43] EDIT Assignment3/controllers/default.py: 13
[2016-03-13 19:21:01] EDIT Assignment3/views/default/viewproducts.html: 2
=======
[2016-03-12 21:38:45] EDIT WP_ASSI2/controllers/default.py: -1
[2016-03-12 22:01:22] EDIT WP_ASSI2/views/default/viewproducts.html: 0
[2016-03-12 22:02:02] EDIT WP_ASSI2/views/plugin_layouts/layouts/Industrial.html: 0
[2016-03-13 18:25:22] EDIT WP_ASSI2/views/default/index.html: 2
[2016-03-13 18:25:44] EDIT WP_ASSI2/views/default/index.html: 2
[2016-03-13 18:25:49] EDIT WP_ASSI2/views/default/index.html: 1
[2016-03-13 18:27:33] EDIT WP_ASSI2/views/default/index.html: 0
[2016-03-13 18:28:13] EDIT WP_ASSI2/views/default/index.html: 0
[2016-03-13 18:28:54] EDIT WP_ASSI2/views/default/index.html: 0
[2016-03-13 18:29:04] EDIT WP_ASSI2/views/default/index.html: 2
[2016-03-13 18:29:44] EDIT WP_ASSI2/views/default/index.html: 0
[2016-03-13 18:29:57] EDIT WP_ASSI2/views/default/index.html: 2
[2016-03-13 18:30:28] EDIT WP_ASSI2/views/default/index.html: 0
[2016-03-13 18:30:38] EDIT WP_ASSI2/views/default/index.html: 0
[2016-03-13 18:31:39] EDIT WP_ASSI2/views/default/index.html: 1
[2016-03-13 18:40:10] EDIT WP_ASSI2/controllers/default.py: 5
[2016-03-13 18:40:12] EDIT WP_ASSI2/controllers/default.py: 0
[2016-03-13 18:41:47] EDIT WP_ASSI2/views/default/index.html: 28
[2016-03-13 18:42:30] EDIT WP_ASSI2/controllers/default.py: 0
[2016-03-13 18:43:51] EDIT WP_ASSI2/controllers/default.py: 1
[2016-03-13 18:44:22] EDIT WP_ASSI2/views/default/index.html: -4
[2016-03-13 18:44:24] EDIT WP_ASSI2/views/default/index.html: 0
[2016-03-13 18:45:17] EDIT WP_ASSI2/views/default/index.html: 0
[2016-03-13 18:45:56] EDIT WP_ASSI2/controllers/default.py: 0
[2016-03-13 18:46:02] EDIT WP_ASSI2/controllers/default.py: 0
[2016-03-13 18:46:05] EDIT WP_ASSI2/controllers/default.py: 0
[2016-03-13 18:46:54] EDIT WP_ASSI2/controllers/default.py: 0
[2016-03-13 18:48:03] EDIT WP_ASSI2/controllers/default.py: 0
[2016-03-13 18:48:32] EDIT WP_ASSI2/controllers/default.py: 0
[2016-03-13 18:48:37] EDIT WP_ASSI2/controllers/default.py: 0
[2016-03-13 18:49:57] EDIT WP_ASSI2/views/default/index.html: 0
[2016-03-13 18:50:02] EDIT WP_ASSI2/views/default/index.html: 0
[2016-03-13 18:50:03] EDIT WP_ASSI2/views/default/index.html: 0
[2016-03-13 18:50:09] EDIT WP_ASSI2/views/default/index.html: 0
[2016-03-13 18:50:15] EDIT WP_ASSI2/views/default/index.html: 0
[2016-03-13 18:50:20] EDIT WP_ASSI2/views/default/index.html: 0
[2016-03-13 18:50:52] EDIT WP_ASSI2/views/default/index.html: 0
[2016-03-13 18:51:04] EDIT WP_ASSI2/views/default/index.html: 0
[2016-03-13 18:51:11] EDIT WP_ASSI2/views/default/index.html: 0
[2016-03-13 18:51:17] EDIT WP_ASSI2/views/default/index.html: 0
[2016-03-13 18:51:25] EDIT WP_ASSI2/views/default/index.html: 0
[2016-03-13 18:51:29] EDIT WP_ASSI2/views/default/index.html: 0
[2016-03-13 18:51:31] EDIT WP_ASSI2/views/default/index.html: 0
[2016-03-13 18:51:36] EDIT WP_ASSI2/views/default/index.html: 0
[2016-03-13 18:52:47] EDIT WP_ASSI2/views/default/index.html: 0
[2016-03-13 18:53:01] EDIT WP_ASSI2/views/default/index.html: 0
[2016-03-13 18:53:02] EDIT WP_ASSI2/views/default/index.html: 0
[2016-03-13 18:53:25] EDIT WP_ASSI2/views/default/index.html: 0
[2016-03-13 18:54:05] EDIT WP_ASSI2/views/default/index.html: 2
[2016-03-13 18:55:20] EDIT WP_ASSI2/static/plugin_layouts/layouts/Industrial/default.css: 0
[2016-03-13 18:55:41] EDIT WP_ASSI2/static/plugin_layouts/layouts/Industrial/default.css: 0
[2016-03-13 19:15:28] EDIT WP_ASSI2/views/default/index.html: -2
[2016-03-13 19:15:38] EDIT WP_ASSI2/views/default/index.html: 0
[2016-03-13 19:15:46] EDIT WP_ASSI2/views/default/index.html: 0
[2016-03-13 19:18:17] EDIT WP_ASSI2/controllers/default.py: -4
[2016-03-13 19:18:52] EDIT WP_ASSI2/controllers/default.py: 0
[2016-03-13 19:19:35] EDIT WP_ASSI2/views/default/index.html: 0
[2016-03-13 19:19:52] EDIT WP_ASSI2/views/default/index.html: 0
[2016-03-13 19:20:05] EDIT WP_ASSI2/views/default/index.html: 0
[2016-03-13 19:20:06] EDIT WP_ASSI2/views/default/index.html: 0
>>>>>>> 60c4a074fc2a55b4cfbe6a388c1b81bb9294b468
